  [4;36;1mSQL (0.1ms)[0m   [0;1mSET client_min_messages TO 'panic'[0m
  [4;35;1mSQL (0.1ms)[0m   [0mSET client_min_messages TO 'notice'[0m
  [4;36;1mSQL (42.9ms)[0m   [0;1mSELECT version FROM schema_migrations[0m
Migrating to CreateLibraries (20090517151754)
  [4;35;1mSQL (0.1ms)[0m   [0mBEGIN[0m
  [4;36;1mSQL (296.7ms)[0m   [0;1mCREATE TABLE "libraries" ("id" serial primary key, "id2" integer, "name" character varying(256), "created_at" timestamp, "updated_at" timestamp) [0m
  [4;35;1mSQL (42.8ms)[0m   [0mINSERT INTO schema_migrations (version) VALUES ('20090517151754')[0m
  [4;36;1mSQL (0.7ms)[0m   [0;1mCOMMIT[0m
Migrating to CreateTracks (20090517151802)
  [4;35;1mSQL (0.4ms)[0m   [0mBEGIN[0m
  [4;36;1mSQL (24.9ms)[0m   [0;1mCREATE TABLE "tracks" ("id" serial primary key, "library_id" integer, "artist" character varying(256), "album" character varying(256), "name" character varying(256), "year" character varying(255), "integer" character varying(255), "created_at" timestamp, "updated_at" timestamp) [0m
  [4;35;1mSQL (0.2ms)[0m   [0mINSERT INTO schema_migrations (version) VALUES ('20090517151802')[0m
  [4;36;1mSQL (0.9ms)[0m   [0;1mCOMMIT[0m
  [4;35;1mSQL (0.2ms)[0m   [0mSELECT version FROM schema_migrations[0m
  [4;36;1mSQL (0.1ms)[0m   [0;1mSET client_min_messages TO 'panic'[0m
  [4;35;1mSQL (0.1ms)[0m   [0mSET client_min_messages TO 'notice'[0m


Processing ApplicationController#index (for 127.0.0.1 at 2009-05-18 01:25:04) [GET]

ActionController::RoutingError (No route matches "/" with {:method=>:get}):
  passenger (2.2.2) lib/phusion_passenger/rack/request_handler.rb:81:in `process_request'
  passenger (2.2.2) lib/phusion_passenger/abstract_request_handler.rb:203:in `main_loop'
  passenger (2.2.2) lib/phusion_passenger/railz/application_spawner.rb:340:in `start_request_handler'
  passenger (2.2.2) lib/phusion_passenger/railz/application_spawner.rb:298:in `handle_spawn_application'
  passenger (2.2.2) lib/phusion_passenger/utils.rb:181:in `safe_fork'
  passenger (2.2.2) lib/phusion_passenger/railz/application_spawner.rb:296:in `handle_spawn_application'
  passenger (2.2.2) lib/phusion_passenger/abstract_server.rb:337:in `__send__'
  passenger (2.2.2) lib/phusion_passenger/abstract_server.rb:337:in `main_loop'
  passenger (2.2.2) lib/phusion_passenger/abstract_server.rb:187:in `start_synchronously'
  passenger (2.2.2) lib/phusion_passenger/abstract_server.rb:154:in `start'
  passenger (2.2.2) lib/phusion_passenger/railz/application_spawner.rb:192:in `start'
  passenger (2.2.2) lib/phusion_passenger/spawn_manager.rb:257:in `spawn_rails_application'
  passenger (2.2.2) lib/phusion_passenger/abstract_server_collection.rb:126:in `lookup_or_add'
  passenger (2.2.2) lib/phusion_passenger/spawn_manager.rb:251:in `spawn_rails_application'
  passenger (2.2.2) lib/phusion_passenger/abstract_server_collection.rb:80:in `synchronize'
  passenger (2.2.2) lib/phusion_passenger/abstract_server_collection.rb:79:in `synchronize'
  passenger (2.2.2) lib/phusion_passenger/spawn_manager.rb:250:in `spawn_rails_application'
  passenger (2.2.2) lib/phusion_passenger/spawn_manager.rb:153:in `spawn_application'
  passenger (2.2.2) lib/phusion_passenger/spawn_manager.rb:282:in `handle_spawn_application'
  passenger (2.2.2) lib/phusion_passenger/abstract_server.rb:337:in `__send__'
  passenger (2.2.2) lib/phusion_passenger/abstract_server.rb:337:in `main_loop'
  passenger (2.2.2) lib/phusion_passenger/abstract_server.rb:187:in `start_synchronously'

Rendering rescues/layout (not_found)
  [4;36;1mSQL (0.1ms)[0m   [0;1mSET client_min_messages TO 'panic'[0m
  [4;35;1mSQL (0.1ms)[0m   [0mSET client_min_messages TO 'notice'[0m


Processing LibrariesController#index (for 127.0.0.1 at 2009-05-18 01:25:12) [GET]
  [4;36;1mLibrary Load (47.6ms)[0m   [0;1mSELECT * FROM "libraries" [0m
Rendering template within layouts/libraries
Rendering libraries/index
Completed in 150ms (View: 97, DB: 48) | 200 OK [http://dukejour.com/libraries]
  [4;35;1mSQL (0.1ms)[0m   [0mSET client_min_messages TO 'panic'[0m
  [4;36;1mSQL (0.1ms)[0m   [0;1mSET client_min_messages TO 'notice'[0m


Processing TracksController#index (for 127.0.0.1 at 2009-05-18 01:25:19) [GET]
  [4;35;1mTrack Load (1.5ms)[0m   [0mSELECT * FROM "tracks" [0m
Rendering template within layouts/tracks
Rendering tracks/index
Completed in 16ms (View: 10, DB: 2) | 200 OK [http://dukejour.com/tracks]
  [4;36;1mSQL (0.2ms)[0m   [0;1mSET client_min_messages TO 'panic'[0m
  [4;35;1mSQL (0.1ms)[0m   [0mSET client_min_messages TO 'notice'[0m


Processing TracksController#index (for 127.0.0.1 at 2009-05-18 01:26:17) [GET]
Rendering template within layouts/tracks
Rendering tracks/index

ActionView::TemplateError (You have a nil object when you didn't expect it!
You might have expected an instance of Array.
The error occurred while evaluating nil.each) on line #7 of app/views/tracks/index.html.erb:
4:   <tr>
5:   </tr>
6: 
7: <% @tracks.each do |track| %>
8:   <tr>
9:     <td><%= link_to 'Show', track %></td>
10:     <td><%= link_to 'Edit', edit_track_path(track) %></td>

    app/views/tracks/index.html.erb:7
    haml (2.0.9) lib/haml/helpers/action_view_mods.rb:14:in `render'
    haml (2.0.9) lib/haml/helpers/action_view_mods.rb:14:in `render'
    haml (2.0.9) rails/./lib/sass/plugin/rails.rb:19:in `process'
    passenger (2.2.2) lib/phusion_passenger/rack/request_handler.rb:81:in `process_request'
    passenger (2.2.2) lib/phusion_passenger/abstract_request_handler.rb:203:in `main_loop'
    passenger (2.2.2) lib/phusion_passenger/railz/application_spawner.rb:340:in `start_request_handler'
    passenger (2.2.2) lib/phusion_passenger/railz/application_spawner.rb:298:in `handle_spawn_application'
    passenger (2.2.2) lib/phusion_passenger/utils.rb:181:in `safe_fork'
    passenger (2.2.2) lib/phusion_passenger/railz/application_spawner.rb:296:in `handle_spawn_application'
    passenger (2.2.2) lib/phusion_passenger/abstract_server.rb:337:in `__send__'
    passenger (2.2.2) lib/phusion_passenger/abstract_server.rb:337:in `main_loop'
    passenger (2.2.2) lib/phusion_passenger/abstract_server.rb:187:in `start_synchronously'
    passenger (2.2.2) lib/phusion_passenger/abstract_server.rb:154:in `start'
    passenger (2.2.2) lib/phusion_passenger/railz/application_spawner.rb:192:in `start'
    passenger (2.2.2) lib/phusion_passenger/spawn_manager.rb:257:in `spawn_rails_application'
    passenger (2.2.2) lib/phusion_passenger/abstract_server_collection.rb:126:in `lookup_or_add'
    passenger (2.2.2) lib/phusion_passenger/spawn_manager.rb:251:in `spawn_rails_application'
    passenger (2.2.2) lib/phusion_passenger/abstract_server_collection.rb:80:in `synchronize'
    passenger (2.2.2) lib/phusion_passenger/abstract_server_collection.rb:79:in `synchronize'
    passenger (2.2.2) lib/phusion_passenger/spawn_manager.rb:250:in `spawn_rails_application'
    passenger (2.2.2) lib/phusion_passenger/spawn_manager.rb:153:in `spawn_application'
    passenger (2.2.2) lib/phusion_passenger/spawn_manager.rb:282:in `handle_spawn_application'
    passenger (2.2.2) lib/phusion_passenger/abstract_server.rb:337:in `__send__'
    passenger (2.2.2) lib/phusion_passenger/abstract_server.rb:337:in `main_loop'
    passenger (2.2.2) lib/phusion_passenger/abstract_server.rb:187:in `start_synchronously'

Rendered rescues/_trace (41.2ms)
Rendered rescues/_request_and_response (54.4ms)
Rendering rescues/layout (internal_server_error)
  [4;36;1mSQL (0.1ms)[0m   [0;1mSET client_min_messages TO 'panic'[0m
  [4;35;1mSQL (0.1ms)[0m   [0mSET client_min_messages TO 'notice'[0m


Processing TracksController#index (for 127.0.0.1 at 2009-05-18 01:26:47) [GET]
Rendering template within layouts/tracks
Rendering tracks/index

ActionView::TemplateError (You have a nil object when you didn't expect it!
You might have expected an instance of Array.
The error occurred while evaluating nil.each) on line #7 of app/views/tracks/index.html.erb:
4:   <tr>
5:   </tr>
6: 
7: <% @tracks.each do |track| %>
8:   <tr>
9:     <td><%= link_to 'Show', track %></td>
10:     <td><%= link_to 'Edit', edit_track_path(track) %></td>

    app/views/tracks/index.html.erb:7
    haml (2.0.9) lib/haml/helpers/action_view_mods.rb:14:in `render'
    haml (2.0.9) lib/haml/helpers/action_view_mods.rb:14:in `render'
    haml (2.0.9) rails/./lib/sass/plugin/rails.rb:19:in `process'
    passenger (2.2.2) lib/phusion_passenger/rack/request_handler.rb:81:in `process_request'
    passenger (2.2.2) lib/phusion_passenger/abstract_request_handler.rb:203:in `main_loop'
    passenger (2.2.2) lib/phusion_passenger/railz/application_spawner.rb:340:in `start_request_handler'
    passenger (2.2.2) lib/phusion_passenger/railz/application_spawner.rb:298:in `handle_spawn_application'
    passenger (2.2.2) lib/phusion_passenger/utils.rb:181:in `safe_fork'
    passenger (2.2.2) lib/phusion_passenger/railz/application_spawner.rb:296:in `handle_spawn_application'
    passenger (2.2.2) lib/phusion_passenger/abstract_server.rb:337:in `__send__'
    passenger (2.2.2) lib/phusion_passenger/abstract_server.rb:337:in `main_loop'
    passenger (2.2.2) lib/phusion_passenger/abstract_server.rb:187:in `start_synchronously'
    passenger (2.2.2) lib/phusion_passenger/abstract_server.rb:154:in `start'
    passenger (2.2.2) lib/phusion_passenger/railz/application_spawner.rb:192:in `start'
    passenger (2.2.2) lib/phusion_passenger/spawn_manager.rb:257:in `spawn_rails_application'
    passenger (2.2.2) lib/phusion_passenger/abstract_server_collection.rb:126:in `lookup_or_add'
    passenger (2.2.2) lib/phusion_passenger/spawn_manager.rb:251:in `spawn_rails_application'
    passenger (2.2.2) lib/phusion_passenger/abstract_server_collection.rb:80:in `synchronize'
    passenger (2.2.2) lib/phusion_passenger/abstract_server_collection.rb:79:in `synchronize'
    passenger (2.2.2) lib/phusion_passenger/spawn_manager.rb:250:in `spawn_rails_application'
    passenger (2.2.2) lib/phusion_passenger/spawn_manager.rb:153:in `spawn_application'
    passenger (2.2.2) lib/phusion_passenger/spawn_manager.rb:282:in `handle_spawn_application'
    passenger (2.2.2) lib/phusion_passenger/abstract_server.rb:337:in `__send__'
    passenger (2.2.2) lib/phusion_passenger/abstract_server.rb:337:in `main_loop'
    passenger (2.2.2) lib/phusion_passenger/abstract_server.rb:187:in `start_synchronously'

Rendered rescues/_trace (51.4ms)
Rendered rescues/_request_and_response (0.4ms)
Rendering rescues/layout (internal_server_error)
  [4;36;1mSQL (0.2ms)[0m   [0;1mSET client_min_messages TO 'panic'[0m
  [4;35;1mSQL (0.1ms)[0m   [0mSET client_min_messages TO 'notice'[0m


Processing TracksController#index (for 127.0.0.1 at 2009-05-18 01:27:47) [GET]

NameError (undefined local variable or method `current_user' for #<TracksController:0x25e8704>):
  hammock (0.2.24) lib/hammock/scope.rb:66:in `current_verb_scope'
  hammock (0.2.24) lib/hammock/scope.rb:88:in `current_scope'
  hammock (0.2.24) lib/hammock/resource_retrieval.rb:40:in `retrieve_resource'
  hammock (0.2.24) lib/hammock/restful_actions.rb:130:in `tasks_for_index'
  hammock (0.2.24) lib/hammock/restful_actions.rb:9:in `index'
  haml (2.0.9) rails/./lib/sass/plugin/rails.rb:19:in `process'
  passenger (2.2.2) lib/phusion_passenger/rack/request_handler.rb:81:in `process_request'
  passenger (2.2.2) lib/phusion_passenger/abstract_request_handler.rb:203:in `main_loop'
  passenger (2.2.2) lib/phusion_passenger/railz/application_spawner.rb:340:in `start_request_handler'
  passenger (2.2.2) lib/phusion_passenger/railz/application_spawner.rb:298:in `handle_spawn_application'
  passenger (2.2.2) lib/phusion_passenger/utils.rb:181:in `safe_fork'
  passenger (2.2.2) lib/phusion_passenger/railz/application_spawner.rb:296:in `handle_spawn_application'
  passenger (2.2.2) lib/phusion_passenger/abstract_server.rb:337:in `__send__'
  passenger (2.2.2) lib/phusion_passenger/abstract_server.rb:337:in `main_loop'
  passenger (2.2.2) lib/phusion_passenger/abstract_server.rb:187:in `start_synchronously'
  passenger (2.2.2) lib/phusion_passenger/abstract_server.rb:154:in `start'
  passenger (2.2.2) lib/phusion_passenger/railz/application_spawner.rb:192:in `start'
  passenger (2.2.2) lib/phusion_passenger/spawn_manager.rb:257:in `spawn_rails_application'
  passenger (2.2.2) lib/phusion_passenger/abstract_server_collection.rb:126:in `lookup_or_add'
  passenger (2.2.2) lib/phusion_passenger/spawn_manager.rb:251:in `spawn_rails_application'
  passenger (2.2.2) lib/phusion_passenger/abstract_server_collection.rb:80:in `synchronize'
  passenger (2.2.2) lib/phusion_passenger/abstract_server_collection.rb:79:in `synchronize'
  passenger (2.2.2) lib/phusion_passenger/spawn_manager.rb:250:in `spawn_rails_application'
  passenger (2.2.2) lib/phusion_passenger/spawn_manager.rb:153:in `spawn_application'
  passenger (2.2.2) lib/phusion_passenger/spawn_manager.rb:282:in `handle_spawn_application'
  passenger (2.2.2) lib/phusion_passenger/abstract_server.rb:337:in `__send__'
  passenger (2.2.2) lib/phusion_passenger/abstract_server.rb:337:in `main_loop'
  passenger (2.2.2) lib/phusion_passenger/abstract_server.rb:187:in `start_synchronously'

Rendered rescues/_trace (34.0ms)
Rendered rescues/_request_and_response (0.3ms)
Rendering rescues/layout (internal_server_error)
  [4;36;1mSQL (0.1ms)[0m   [0;1mSET client_min_messages TO 'panic'[0m
  [4;35;1mSQL (0.2ms)[0m   [0mSET client_min_messages TO 'notice'[0m


Processing TracksController#index (for 127.0.0.1 at 2009-05-18 01:28:06) [GET]
/opt/local/lib/ruby/gems/1.8/gems/hammock-0.2.24/lib/hammock/scope.rb:70:in `current_verb_scope' | No public index scope available for Track.
/opt/local/lib/ruby/gems/1.8/gems/hammock-0.2.24/lib/hammock/resource_retrieval.rb:110:in `render_for_status' | 404
Rendering /Users/ben/projects/dukejour.com/dukejour/public/404.html (404)
Completed in 9ms (View: 3, DB: 0) | 404 Not Found [http://dukejour.com/tracks]
  [4;36;1mSQL (0.1ms)[0m   [0;1mSET client_min_messages TO 'panic'[0m
  [4;35;1mSQL (0.1ms)[0m   [0mSET client_min_messages TO 'notice'[0m


Processing TracksController#index (for 127.0.0.1 at 2009-05-18 01:28:30) [GET]
/opt/local/lib/ruby/gems/1.8/gems/hammock-0.2.24/lib/hammock/restful_support.rb:82:in `assign_entity' | Unkicked query: {:conditions=>"true", :order=>"tracks.\"id\""}
Rendering template within layouts/tracks
Rendering tracks/index
  [4;36;1mTrack Load (82.6ms)[0m   [0;1mSELECT * FROM "tracks" WHERE (true) ORDER BY tracks."id"[0m
Completed in 92ms (View: 2, DB: 83) | 200 OK [http://dukejour.com/tracks]
  [4;35;1mSQL (0.1ms)[0m   [0mSET client_min_messages TO 'panic'[0m
  [4;36;1mSQL (0.2ms)[0m   [0;1mSET client_min_messages TO 'notice'[0m


Processing TracksController#new (for 127.0.0.1 at 2009-05-18 01:28:34) [GET]
Rendering template within layouts/tracks
Rendering tracks/new
Completed in 96ms (View: 23, DB: 0) | 200 OK [http://dukejour.com/tracks/new]
  [4;36;1mSQL (0.1ms)[0m   [0;1mSET client_min_messages TO 'panic'[0m
  [4;35;1mSQL (0.2ms)[0m   [0mSET client_min_messages TO 'notice'[0m
  [4;36;1mSQL (0.9ms)[0m   [0;1mSELECT version FROM schema_migrations[0m
Migrating to CreateLibraries (20090517151754)
Migrating to CreateTracks (20090517151802)
  [4;35;1mSQL (0.2ms)[0m   [0mSELECT version FROM schema_migrations[0m
  [4;36;1mSQL (0.1ms)[0m   [0;1mSET client_min_messages TO 'panic'[0m
  [4;35;1mSQL (0.1ms)[0m   [0mSET client_min_messages TO 'notice'[0m
  [4;36;1mLibrary Delete all (1.7ms)[0m   [0;1mDELETE FROM "libraries" [0m
  [4;35;1mTrack Delete all (1.2ms)[0m   [0mDELETE FROM "tracks" [0m
  [4;36;1mSQL (0.1ms)[0m   [0;1mSET client_min_messages TO 'panic'[0m
  [4;35;1mSQL (0.1ms)[0m   [0mSET client_min_messages TO 'notice'[0m
  [4;36;1mLibrary Delete all (1.4ms)[0m   [0;1mDELETE FROM "libraries" [0m
  [4;35;1mTrack Delete all (0.4ms)[0m   [0mDELETE FROM "tracks" [0m
  [4;36;1mSQL (0.2ms)[0m   [0;1mSET client_min_messages TO 'panic'[0m
  [4;35;1mSQL (0.1ms)[0m   [0mSET client_min_messages TO 'notice'[0m
  [4;36;1mLibrary Delete all (1.5ms)[0m   [0;1mDELETE FROM "libraries" [0m
  [4;35;1mTrack Delete all (0.4ms)[0m   [0mDELETE FROM "tracks" [0m
  [4;36;1mSQL (0.1ms)[0m   [0;1mSET client_min_messages TO 'panic'[0m
  [4;35;1mSQL (0.1ms)[0m   [0mSET client_min_messages TO 'notice'[0m
  [4;36;1mLibrary Delete all (1.4ms)[0m   [0;1mDELETE FROM "libraries" [0m
  [4;35;1mTrack Delete all (0.5ms)[0m   [0mDELETE FROM "tracks" [0m
